<?xml version="1.0" encoding="UTF-8"?>
<!-- Generated by org.testng.reporters.JUnitReportReporter -->
<testsuite hostname="LAPTOP-ADPTUOBU" failures="0" tests="2" name="BaseClassExample.CreateContact" time="0.008" errors="0" timestamp="2026-05-06T08:58:57 IST" skipped="0">
  <testcase classname="BaseClassExample.CreateContact" name="createContact" time="0.004"/>
  <testcase classname="BaseClassExample.CreateContact" name="createContactWithDate" time="0.004"/>
</testsuite> <!-- BaseClassExample.CreateContact -->
