<?xml version="1.0" encoding="UTF-8"?>
<!-- Generated by org.testng.reporters.JUnitReportReporter -->
<testsuite hostname="LAPTOP-ADPTUOBU" failures="0" tests="3" name="testScript.ParaticeDataProvidersWithNumbers" time="0.009" errors="0" timestamp="2026-05-14T21:53:21 IST" skipped="0">
  <testcase classname="testScript.ParaticeDataProvidersWithNumbers" name="DataPtoviderswithNumbers" time="0.001"/>
  <testcase classname="testScript.ParaticeDataProvidersWithNumbers" name="DataPtoviderswithNumbers" time="0.008"/>
  <testcase classname="testScript.ParaticeDataProvidersWithNumbers" name="DataPtoviderswithNumbers" time="0.000"/>
</testsuite> <!-- testScript.ParaticeDataProvidersWithNumbers -->
