<?xml version="1.0" encoding="UTF-8"?>
<!-- Generated by org.testng.reporters.JUnitReportReporter -->
<testsuite hostname="LAPTOP-ADPTUOBU" failures="0" tests="3" name="BaseClassExample.BaseClass1" time="0.013" errors="0" timestamp="2026-05-19T13:07:50 IST" skipped="0">
  <testcase classname="BaseClassExample.BaseClass1" name="test" time="0.009"/>
  <testcase classname="BaseClassExample.BaseClass1" name="test2" time="0.002"/>
  <testcase classname="BaseClassExample.BaseClass1" name="test1" time="0.002"/>
</testsuite> <!-- BaseClassExample.BaseClass1 -->
