<?xml version="1.0" encoding="UTF-8"?>
<!-- Generated by org.testng.reporters.JUnitReportReporter -->
<testsuite hostname="LAPTOP-ADPTUOBU" failures="0" tests="2" name="BaseClassExample.CreateOrganization" time="0.016" errors="0" timestamp="2026-05-06T08:58:57 IST" skipped="0">
  <testcase classname="BaseClassExample.CreateOrganization" name="createOrgTest" time="0.011"/>
  <testcase classname="BaseClassExample.CreateOrganization" name="createOrgWithIndustries" time="0.005"/>
</testsuite> <!-- BaseClassExample.CreateOrganization -->
